0 info it worked if it ends with ok
1 verbose cli [ '/usr/local/Cellar/node/5.0.0/bin/node',
1 verbose cli   '/Users/mwalters/.npm-packages/bin/npm',
1 verbose cli   'start' ]
2 info using npm@3.10.5
3 info using node@v5.0.0
4 verbose run-script [ 'prestart', 'start', 'poststart' ]
5 info lifecycle blog@0.0.1~prestart: blog@0.0.1
6 silly lifecycle blog@0.0.1~prestart: no script for prestart, continuing
7 info lifecycle blog@0.0.1~start: blog@0.0.1
8 verbose lifecycle blog@0.0.1~start: unsafe-perm in lifecycle true
9 verbose lifecycle blog@0.0.1~start: PATH: /Users/mwalters/.npm-packages/lib/node_modules/npm/bin/node-gyp-bin:/Users/mwalters/Projets/blog/node_modules/.bin:/usr/local/Cellar/node/5.0.0/bin:/Users/mwalters/.npm-packages/bin:/usr/local/bin:/usr/bin:/bin:/usr/sbin:/sbin:/usr/local/mysql/bin
10 verbose lifecycle blog@0.0.1~start: CWD: /Users/mwalters/Projets/blog
11 silly lifecycle blog@0.0.1~start: Args: [ '-c', 'tsc && concurrently "npm run tsc:w" "npm run lite" ' ]
12 silly lifecycle blog@0.0.1~start: Returned: code: 2  signal: null
13 info lifecycle blog@0.0.1~start: Failed to exec start script
14 verbose stack Error: blog@0.0.1 start: `tsc && concurrently "npm run tsc:w" "npm run lite" `
14 verbose stack Exit status 2
14 verbose stack     at EventEmitter.<anonymous> (/Users/mwalters/.npm-packages/lib/node_modules/npm/lib/utils/lifecycle.js:242:16)
14 verbose stack     at emitTwo (events.js:87:13)
14 verbose stack     at EventEmitter.emit (events.js:172:7)
14 verbose stack     at ChildProcess.<anonymous> (/Users/mwalters/.npm-packages/lib/node_modules/npm/lib/utils/spawn.js:40:14)
14 verbose stack     at emitTwo (events.js:87:13)
14 verbose stack     at ChildProcess.emit (events.js:172:7)
14 verbose stack     at maybeClose (internal/child_process.js:818:16)
14 verbose stack     at Process.ChildProcess._handle.onexit (internal/child_process.js:211:5)
15 verbose pkgid blog@0.0.1
16 verbose cwd /Users/mwalters/Projets/blog
17 error Darwin 15.5.0
18 error argv "/usr/local/Cellar/node/5.0.0/bin/node" "/Users/mwalters/.npm-packages/bin/npm" "start"
19 error node v5.0.0
20 error npm  v3.10.5
21 error code ELIFECYCLE
22 error blog@0.0.1 start: `tsc && concurrently "npm run tsc:w" "npm run lite" `
22 error Exit status 2
23 error Failed at the blog@0.0.1 start script 'tsc && concurrently "npm run tsc:w" "npm run lite" '.
23 error Make sure you have the latest version of node.js and npm installed.
23 error If you do, this is most likely a problem with the blog package,
23 error not with npm itself.
23 error Tell the author that this fails on your system:
23 error     tsc && concurrently "npm run tsc:w" "npm run lite"
23 error You can get information on how to open an issue for this project with:
23 error     npm bugs blog
23 error Or if that isn't available, you can get their info via:
23 error     npm owner ls blog
23 error There is likely additional logging output above.
24 verbose exit [ 1, true ]
